[debug] [2023-02-07T04:43:23.272Z] ----------------------------------------------------------------------
[debug] [2023-02-07T04:43:23.274Z] Command:       /usr/bin/node /usr/bin/firebase init
[debug] [2023-02-07T04:43:23.274Z] CLI Version:   11.21.0
[debug] [2023-02-07T04:43:23.274Z] Platform:      linux
[debug] [2023-02-07T04:43:23.275Z] Node Version:  v19.5.0
[debug] [2023-02-07T04:43:23.275Z] Time:          Tue Feb 07 2023 11:13:23 GMT+0630 (Myanmar Time)
[debug] [2023-02-07T04:43:23.275Z] ----------------------------------------------------------------------
[debug] 
[debug] [2023-02-07T04:43:23.277Z] >>> [apiv2][query] GET https://firebase-public.firebaseio.com/cli.json [none]
[debug] [2023-02-07T04:43:23.366Z] > command requires scopes: ["email","openid","https://www.googleapis.com/auth/cloudplatformprojects.readonly","https://www.googleapis.com/auth/firebase","https://www.googleapis.com/auth/cloud-platform"]
[debug] [2023-02-07T04:43:23.366Z] > authorizing via signed-in user (zxnightstalker199733@gmail.com)
[info] 
     ######## #### ########  ######## ########     ###     ######  ########
     ##        ##  ##     ## ##       ##     ##  ##   ##  ##       ##
     ######    ##  ########  ######   ########  #########  ######  ######
     ##        ##  ##    ##  ##       ##     ## ##     ##       ## ##
     ##       #### ##     ## ######## ########  ##     ##  ######  ########

You're about to initialize a Firebase project in this directory:

  /home/karl/codes/name-search-ts

Before we get started, keep in mind:

  * You are initializing within an existing Firebase project directory

[info] 
=== Project Setup
[info] 
[info] First, let's associate this project directory with a Firebase project.
[info] You can create multiple project aliases by running firebase use --add, 
[info] but for now we'll just set up a default project.
[info] 
[debug] [2023-02-07T04:44:09.927Z] Using project from CLI flag: excel-search-22471
[debug] [2023-02-07T04:44:09.930Z] > refreshing access token with scopes: []
[debug] [2023-02-07T04:44:09.932Z] >>> [apiv2][query] POST https://www.googleapis.com/oauth2/v3/token [none]
[debug] [2023-02-07T04:44:09.933Z] >>> [apiv2][body] POST https://www.googleapis.com/oauth2/v3/token [omitted]
[debug] [2023-02-07T04:44:10.258Z] <<< [apiv2][status] POST https://www.googleapis.com/oauth2/v3/token 200
[debug] [2023-02-07T04:44:10.258Z] <<< [apiv2][body] POST https://www.googleapis.com/oauth2/v3/token [omitted]
[debug] [2023-02-07T04:44:10.267Z] >>> [apiv2][query] GET https://firebase.googleapis.com/v1beta1/projects/excel-search-22471 [none]
[debug] [2023-02-07T04:44:10.818Z] <<< [apiv2][status] GET https://firebase.googleapis.com/v1beta1/projects/excel-search-22471 200
[debug] [2023-02-07T04:44:10.819Z] <<< [apiv2][body] GET https://firebase.googleapis.com/v1beta1/projects/excel-search-22471 {"projectId":"excel-search-22471","projectNumber":"372998369867","displayName":"Excel Search","name":"projects/excel-search-22471","resources":{"hostingSite":"excel-search-22471"},"state":"ACTIVE","etag":"1_6f78db84-6a79-4f3f-8e60-220636567e69"}
[info] i  Using project excel-search-22471 (Excel Search) 
[info] 
=== Hosting Setup
[info] 
[info] Your public directory is the folder (relative to your project directory) that
[info] will contain Hosting assets to be uploaded with firebase deploy. If you
[info] have a build process for your assets, use your build's output directory.
[info] 
[debug] [2023-02-07T04:45:10.684Z] >>> [apiv2][query] GET https://www.gstatic.com/firebasejs/releases.json [none]
[debug] [2023-02-07T04:45:10.948Z] <<< [apiv2][status] GET https://www.gstatic.com/firebasejs/releases.json 200
[debug] [2023-02-07T04:45:10.948Z] <<< [apiv2][body] GET https://www.gstatic.com/firebasejs/releases.json {"current":{"version":"9.17.1","browserURL":"https://www.gstatic.com/firebasejs/9.17.1/firebase.js","packageURL":"https://www.gstatic.com/firebasejs/9.17.1/firebase.tgz"},"live":{"version":"9.17","browserURL":"https://www.gstatic.com/firebasejs/live/9.17/firebase.js","packageURL":"https://www.gstatic.com/firebasejs/live/9.17/firebase.tgz"},"components":{"analytics":"https://www.gstatic.com/firebasejs/9.17.1/firebase-analytics.js","app":"https://www.gstatic.com/firebasejs/9.17.1/firebase-app.js","app-check":"https://www.gstatic.com/firebasejs/9.17.1/firebase-app-check.js","auth":"https://www.gstatic.com/firebasejs/9.17.1/firebase-auth.js","auth/cordova":"https://www.gstatic.com/firebasejs/9.17.1/firebase-auth/cordova.js","auth/react-native":"https://www.gstatic.com/firebasejs/9.17.1/firebase-auth/react-native.js","functions":"https://www.gstatic.com/firebasejs/9.17.1/firebase-functions.js","firestore":"https://www.gstatic.com/firebasejs/9.17.1/firebase-firestore.js","firestore/lite":"https://www.gstatic.com/firebasejs/9.17.1/firebase-firestore/lite.js","installations":"https://www.gstatic.com/firebasejs/9.17.1/firebase-installations.js","storage":"https://www.gstatic.com/firebasejs/9.17.1/firebase-storage.js","performance":"https://www.gstatic.com/firebasejs/9.17.1/firebase-performance.js","remote-config":"https://www.gstatic.com/firebasejs/9.17.1/firebase-remote-config.js","messaging":"https://www.gstatic.com/firebasejs/9.17.1/firebase-messaging.js","messaging/sw":"https://www.gstatic.com/firebasejs/9.17.1/firebase-messaging/sw.js","database":"https://www.gstatic.com/firebasejs/9.17.1/firebase-database.js","firestore.memory":"https://www.gstatic.com/firebasejs/9.17.1/firebase-firestore.memory.js"}}
[info] i  Skipping write of public/index.html 
[info] 
[info] i  Detected a .git folder at /home/karl/codes/name-search-ts 
[info] i  Authorizing with GitHub to upload your service account to a GitHub repository's secrets store. 
[info] 
[info] Visit this URL on this device to log in:
[info] https://github.com/login/oauth/authorize?client_id=89cf50f02ac6aaed3484&state=100224465&redirect_uri=http%3A%2F%2Flocalhost%3A9005&scope=read%3Auser%20repo%20public_repo
[info] 
[info] Waiting for authentication...
[debug] [2023-02-07T04:45:23.035Z] >>> [apiv2][query] POST https://github.com/login/oauth/access_token [none]
[debug] [2023-02-07T04:45:23.036Z] >>> [apiv2][body] POST https://github.com/login/oauth/access_token [stream]
[debug] [2023-02-07T04:45:23.892Z] <<< [apiv2][status] POST https://github.com/login/oauth/access_token 200
[debug] [2023-02-07T04:45:23.893Z] <<< [apiv2][body] POST https://github.com/login/oauth/access_token {"access_token":"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","token_type":"bearer","scope":"read:user,repo"}
[debug] [2023-02-07T04:45:23.913Z] >>> [apiv2][query] GET https://api.github.com/user [none]
[debug] [2023-02-07T04:45:24.812Z] <<< [apiv2][status] GET https://api.github.com/user 200
[debug] [2023-02-07T04:45:24.812Z] <<< [apiv2][body] GET https://api.github.com/user {"login":"Matthtica","id":74300675,"node_id":"MDQ6VXNlcjc0MzAwNjc1","avatar_url":"https://avatars.githubusercontent.com/u/74300675?v=4","gravatar_id":"","url":"https://api.github.com/users/Matthtica","html_url":"https://github.com/Matthtica","followers_url":"https://api.github.com/users/Matthtica/followers","following_url":"https://api.github.com/users/Matthtica/following{/other_user}","gists_url":"https://api.github.com/users/Matthtica/gists{/gist_id}","starred_url":"https://api.github.com/users/Matthtica/starred{/owner}{/repo}","subscriptions_url":"https://api.github.com/users/Matthtica/subscriptions","organizations_url":"https://api.github.com/users/Matthtica/orgs","repos_url":"https://api.github.com/users/Matthtica/repos","events_url":"https://api.github.com/users/Matthtica/events{/privacy}","received_events_url":"https://api.github.com/users/Matthtica/received_events","type":"User","site_admin":false,"name":"Mg Khin Mg Htat","company":null,"blog":"https://mgxtet-portfolio.vercel.app/","location":null,"email":"zxnightstalker199733@gmail.com","hireable":null,"bio":"I am a self-taught programmer.\r\nC++, Typescript, Kotlin.","twitter_username":null,"public_repos":13,"public_gists":0,"followers":1,"following":1,"created_at":"2020-11-11T11:31:10Z","updated_at":"2023-02-02T14:59:07Z","private_gists":0,"total_private_repos":7,"owned_private_repos":7,"disk_usage":12049,"collaborators":0,"two_factor_authentication":false,"plan":{"name":"free","space":976562499,"collaborators":0,"private_repos":10000}}
[info] 
[info] ✔  Success! Logged into GitHub as Matthtica 
[info] 
[warn] ⚠  Unable to fetch the CLI MOTD and remote config. 
[debug] [2023-02-07T04:45:32.645Z] Failed to fetch MOTD FirebaseError: Failed to make request to https://firebase-public.firebaseio.com/cli.json
